[debug] [2023-09-18T07:01:40.304Z] ----------------------------------------------------------------------
[debug] [2023-09-18T07:01:40.310Z] Command:       C:\Program Files\nodejs\node.exe C:\Users\carax\AppData\Roaming\npm\node_modules\firebase-tools\lib\bin\firebase.js deploy
[debug] [2023-09-18T07:01:40.311Z] CLI Version:   12.5.4
[debug] [2023-09-18T07:01:40.312Z] Platform:      win32
[debug] [2023-09-18T07:01:40.313Z] Node Version:  v18.13.0
[debug] [2023-09-18T07:01:40.317Z] Time:          Mon Sep 18 2023 16:01:40 GMT+0900 (대한민국 표준시)
[debug] [2023-09-18T07:01:40.317Z] ----------------------------------------------------------------------
[debug] 
[debug] [2023-09-18T07:01:40.544Z] > command requires scopes: ["email","openid","https://www.googleapis.com/auth/cloudplatformprojects.readonly","https://www.googleapis.com/auth/firebase","https://www.googleapis.com/auth/cloud-platform"]
[debug] [2023-09-18T07:01:40.546Z] > authorizing via signed-in user (caraxxx13@gmail.com)
[debug] [2023-09-18T07:01:40.546Z] [iam] checking project sfdb-front-98c09 for permissions ["firebase.projects.get","firebasehosting.sites.update"]
[debug] [2023-09-18T07:01:40.552Z] >>> [apiv2][query] POST https://cloudresourcemanager.googleapis.com/v1/projects/sfdb-front-98c09:testIamPermissions [none]
[debug] [2023-09-18T07:01:40.552Z] >>> [apiv2][(partial)header] POST https://cloudresourcemanager.googleapis.com/v1/projects/sfdb-front-98c09:testIamPermissions x-goog-quota-user=projects/sfdb-front-98c09
[debug] [2023-09-18T07:01:40.553Z] >>> [apiv2][body] POST https://cloudresourcemanager.googleapis.com/v1/projects/sfdb-front-98c09:testIamPermissions {"permissions":["firebase.projects.get","firebasehosting.sites.update"]}
[debug] [2023-09-18T07:01:41.815Z] <<< [apiv2][status] POST https://cloudresourcemanager.googleapis.com/v1/projects/sfdb-front-98c09:testIamPermissions 200
[debug] [2023-09-18T07:01:41.816Z] <<< [apiv2][body] POST https://cloudresourcemanager.googleapis.com/v1/projects/sfdb-front-98c09:testIamPermissions {"permissions":["firebase.projects.get","firebasehosting.sites.update"]}
[debug] [2023-09-18T07:01:41.819Z] >>> [apiv2][query] GET https://firebase.googleapis.com/v1beta1/projects/sfdb-front-98c09 [none]
[debug] [2023-09-18T07:01:42.232Z] <<< [apiv2][status] GET https://firebase.googleapis.com/v1beta1/projects/sfdb-front-98c09 200
[debug] [2023-09-18T07:01:42.232Z] <<< [apiv2][body] GET https://firebase.googleapis.com/v1beta1/projects/sfdb-front-98c09 {"projectId":"sfdb-front-98c09","projectNumber":"375733538610","displayName":"sfdb front","name":"projects/sfdb-front-98c09","resources":{"hostingSite":"sfdb-front-98c09"},"state":"ACTIVE","etag":"1_d346dc12-abc4-4f85-85c3-32cb14466926"}
[info] 
[info] === Deploying to 'sfdb-front-98c09'...
[info] 
[info] i  deploying hosting 
[debug] [2023-09-18T07:01:42.253Z] >>> [apiv2][query] POST https://firebasehosting.googleapis.com/v1beta1/projects/-/sites/sfdb-front-98c09/versions [none]
[debug] [2023-09-18T07:01:42.253Z] >>> [apiv2][body] POST https://firebasehosting.googleapis.com/v1beta1/projects/-/sites/sfdb-front-98c09/versions {"status":"CREATED","labels":{"deployment-tool":"cli-firebase"}}
[debug] [2023-09-18T07:01:43.218Z] <<< [apiv2][status] POST https://firebasehosting.googleapis.com/v1beta1/projects/-/sites/sfdb-front-98c09/versions 200
[debug] [2023-09-18T07:01:43.218Z] <<< [apiv2][body] POST https://firebasehosting.googleapis.com/v1beta1/projects/-/sites/sfdb-front-98c09/versions {"name":"projects/375733538610/sites/sfdb-front-98c09/versions/6eb124d257fc6c7d","status":"CREATED","config":{},"labels":{"deployment-tool":"cli-firebase"}}
[info] i  hosting[sfdb-front-98c09]: beginning deploy... 
[info] i  hosting[sfdb-front-98c09]: found 48 files in build 
[debug] [2023-09-18T07:01:43.289Z] [hosting] uploading with 200 concurrency
[debug] [2023-09-18T07:01:43.292Z] [hosting] hash cache [YnVpbGQ] not populated
[debug] [2023-09-18T07:01:49.685Z] [hosting] hash cache [YnVpbGQ] stored for 48 files
[debug] [2023-09-18T07:01:49.686Z] [hosting][hash queue][FINAL] {"max":6349,"min":64,"avg":291.0208333333333,"active":0,"complete":48,"success":48,"errored":0,"retried":0,"total":48,"elapsed":6390}
[debug] [2023-09-18T07:01:49.687Z] >>> [apiv2][query] POST https://firebasehosting.googleapis.com/v1beta1/projects/375733538610/sites/sfdb-front-98c09/versions/6eb124d257fc6c7d:populateFiles [none]
[debug] [2023-09-18T07:01:49.688Z] >>> [apiv2][body] POST https://firebasehosting.googleapis.com/v1beta1/projects/375733538610/sites/sfdb-front-98c09/versions/6eb124d257fc6c7d:populateFiles {"files":{"/index.html":"db69df07f4d03c7716f7540f7309e65ab37debffe119f70b3d8a7ee9703e7eba","/asset-manifest.json":"ff7721a61942f865e36c79fa6deeb179099885b8b665511207a83015da4cf702","/images/logo/disneyplus.png":"b332c7af6ef547ca78fa70b25151957abbfa0ff5ff309474ddc941dedc1caceb","/images/logo/googlebtn1.png":"eb97caa23eeedbed04dc578828c643f77950b6deeb30569b8d48ed802bf6cd19","/images/logo/googlebtn2.png":"4e37d0f667e16c331b61d5e02e069c479fdedb0b81f2da00be32d1584a4a5530","/images/logo/google.png":"5f32ff6f166dd835fce5ae01b76e1a4ac892f37d2caae069fa6bd5383ac79147","/images/logo/kakao완성형.png":"ce93c9a0df1946a5b7ac481f6c8b279592bd7a8db7a0a163d224e22d8c362e9b","/images/logo/kakao완성형2.png":"f4eeeacf8fa7d932b1f46656c0cb6801717d094f0bceebe77df758150b843128","/images/logo/kakao완성형3.png":"ce93c9a0df1946a5b7ac481f6c8b279592bd7a8db7a0a163d224e22d8c362e9b","/images/logo/naver.png":"54687c3fb9e6996ed448d512042ab3f99d8591e4f4454d511d378c7bee622264","/images/logo/wavve.png":"9998c0c48fbed4f7f8b75722c3c6c024e80b4bea1d5482233498d29ede39f873","/images/logo/naver완성형.png":"00f7c03578f4de196160bd437038d3e65674851aec18bce42169a02cbda92649","/static/css/main.5e8f4481.css":"22a67b894a2530027284fdeeb4e7d11e408a593a54afcaa5e51bdb1a538c491f","/static/css/main.5e8f4481.css.map":"cd124322a918a500c8a2872906bb8ba894d89a4f0306e850926afd252ebfbf0a","/static/js/main.0f42e5a1.js.LICENSE.txt":"4806f17dc8865ef1131cd9ad34dcef09acfa0988eea21ac8875545f6780e3f5d","/static/media/slick.2630a3e3eab21c607e21.svg":"d00477d40ed40fa1dd3bdee27d9286804121b15fea83bae7d5415d902b055de0","/images/logo/애플-티비-플러스.jpg":"e50a313c0b3ea42d3e8881928afa3b2cf5c9c95b32e53e29924dbb6460d00d80","/static/media/slick.295183786cd8a1389865.woff":"029a727c9e1081d2f9e1015f02f18da88f268512ea4f58589a6f17f532928530","/static/media/slick.a4e97f5a2a64f0ab1323.eot":"52b9a169969e053d43df6bd21c4dc789c2518d99afd8590a17ef50cd24c77cf6","/static/media/slick.c94f7671dcc99dce43e2.ttf":"6aad751007cf9a89350af287f824ab64f096c472c7c9c679fb3d55b6174fc004","/images/SF-DBW.png":"7f84e0f9cd4f1f82740b12fd9fb0a557751c7b497de5ea89d6b444cf8f8e3691","/images/logo/tving.png":"e31226969db67630939c3c33c83706392246f3cd57853b028b6f333db975e1cc","/images/logo/watcha.png":"caa9bba53708a076576304ee31c3b91db616d98933597b3ae48cb365d6272e63","/images/logo/kakao.png":"d597e22591da513f814dc8c73f471f7728d3327fd2db87949b07b02022dabf17","/images/curvyLines.png":"804d7435aa28b0e4e80e9a301c7347c0c60d6021af37b484ca593f53fcee5752","/images/DefaultProfile.png":"0bb6333c7bbd026d81402e5d27650f9f40bf2eb9d5b7d7e8491c61e8d8db842c","/images/SF-DBW2.png":"dc3ef1a62d043537938cb89ad259c383df56544c8462540ba69288a6dcb84b62","/images/category/godzilla.jpg":"bfcd6621e749f909ec4eca5aae452ec65e2e10972010355d2d653cc929e00999","/images/logo/appletv.png":"c1f328cd8b4ff1298f4692b97d5ca0a0e36268dae7501b9e4ce92a4b973c4c9e","/images/SF-DB2.png":"b608fffc92c035b21a3c2af0c3f0642dd84a1228ab3c74051e1bc4fe54ca0ccd","/images/category/gravity.jpg":"4db83e9ef789cfb896a90e3bfdd9a787882d7922ad5bdca831db35e86c9ef8c0","/images/SF-DB.png":"a6a67080b45a3adeac8063f31839fad784ed8c4ff485d995903a436884425a57","/images/category/alien.jpg":"8e9bcdac8be1d4d89662503d81d547ce926507dc9773763b26d73a86441c750b","/images/category/btf.jpg":"a2aed657ab98a84eff2382e5eac17b174dc73606f077a3f71f945ee8600261a1","/images/category/matrix.jpg":"fe6d232d3f90f0af011d0b2000e48e7e69d69a01d25153b315c83d63d53e3293","/images/category/madmax.jpg":"7ae3abe1cbac83cdf291fc8b5793da6165b4ab79d1a0afa37d65106b1aafe5c6","/images/category/watchmen.jpg":"4828e6b55f3f99595f70c6ccaa2b09e078316ab22a9110fa55ce5d2d2d344898","/images/category/pacificrim.jpg":"0cdcc9af1598b2565ff4eba6ce28715f3b8ee3b9143202fc4e71a6912f041314","/images/logo/netflix.png":"e97b21ba3e431f30eb709720a4b08090d6f8c51ae22695a549d93ec45dbdb467","/images/category/walle.jpg":"8848f646e87eeb235cb61a51c4822d7abe8f782f8874edbedba36904a42373e0","/images/astronaut.jpg":"89a0952d78ddb809a6173fe4aad2f7f9328e4bc3d17005201235902c6115773e","/static/js/main.0f42e5a1.js":"551dbdf3ef06b3fcc04a34b3c9062867fbedceabbed71d3f544ad9f89f417561","/images/category/arrival.jpg":"f7d25ebe59ab2b196a6a0a7b4514ce9bd162a2ab8f8f4a50dbd1fdd3f060dd41","/images/배경움짤.gif":"3ef8e0571371af7c3940b4330444fe5c40fc2e3f6079af310af2252b40dc6154","/images/배경움짤2.gif":"060d6cdf2caecf9c89e76e92d66c43efb4bc8c16c483af892269b3ce86c4b338","/images/sfdb.gif":"19517a26f47755f605a486568decac2a4b048de85807c54e04816676c1f7684a","/static/js/main.0f42e5a1.js.map":"63b7380695e874053d169cbd426bfa0145a57251f25d5705fac4c17666a2879d","/videos/sfdb.mp4":"58f8b20bf35db214745554926ebd51aaee72910d0193e407a1c7a812987d7928"}}
[debug] [2023-09-18T07:01:54.566Z] <<< [apiv2][status] POST https://firebasehosting.googleapis.com/v1beta1/projects/375733538610/sites/sfdb-front-98c09/versions/6eb124d257fc6c7d:populateFiles 200
[debug] [2023-09-18T07:01:54.567Z] <<< [apiv2][body] POST https://firebasehosting.googleapis.com/v1beta1/projects/375733538610/sites/sfdb-front-98c09/versions/6eb124d257fc6c7d:populateFiles {"uploadRequiredHashes":["db69df07f4d03c7716f7540f7309e65ab37debffe119f70b3d8a7ee9703e7eba","ff7721a61942f865e36c79fa6deeb179099885b8b665511207a83015da4cf702","63b7380695e874053d169cbd426bfa0145a57251f25d5705fac4c17666a2879d","551dbdf3ef06b3fcc04a34b3c9062867fbedceabbed71d3f544ad9f89f417561"],"uploadUrl":"https://upload-firebasehosting.googleapis.com/upload/sites/sfdb-front-98c09/versions/6eb124d257fc6c7d/files"}
[debug] [2023-09-18T07:01:54.570Z] >>> [apiv2][query] POST https://upload-firebasehosting.googleapis.com/upload/sites/sfdb-front-98c09/versions/6eb124d257fc6c7d/files/db69df07f4d03c7716f7540f7309e65ab37debffe119f70b3d8a7ee9703e7eba [none]
[debug] [2023-09-18T07:01:54.571Z] >>> [apiv2][body] POST https://upload-firebasehosting.googleapis.com/upload/sites/sfdb-front-98c09/versions/6eb124d257fc6c7d/files/db69df07f4d03c7716f7540f7309e65ab37debffe119f70b3d8a7ee9703e7eba [stream]
[debug] [2023-09-18T07:01:54.575Z] >>> [apiv2][query] POST https://upload-firebasehosting.googleapis.com/upload/sites/sfdb-front-98c09/versions/6eb124d257fc6c7d/files/ff7721a61942f865e36c79fa6deeb179099885b8b665511207a83015da4cf702 [none]
[debug] [2023-09-18T07:01:54.575Z] >>> [apiv2][body] POST https://upload-firebasehosting.googleapis.com/upload/sites/sfdb-front-98c09/versions/6eb124d257fc6c7d/files/ff7721a61942f865e36c79fa6deeb179099885b8b665511207a83015da4cf702 [stream]
[debug] [2023-09-18T07:01:54.578Z] >>> [apiv2][query] POST https://upload-firebasehosting.googleapis.com/upload/sites/sfdb-front-98c09/versions/6eb124d257fc6c7d/files/63b7380695e874053d169cbd426bfa0145a57251f25d5705fac4c17666a2879d [none]
[debug] [2023-09-18T07:01:54.578Z] >>> [apiv2][body] POST https://upload-firebasehosting.googleapis.com/upload/sites/sfdb-front-98c09/versions/6eb124d257fc6c7d/files/63b7380695e874053d169cbd426bfa0145a57251f25d5705fac4c17666a2879d [stream]
[debug] [2023-09-18T07:01:54.581Z] >>> [apiv2][query] POST https://upload-firebasehosting.googleapis.com/upload/sites/sfdb-front-98c09/versions/6eb124d257fc6c7d/files/551dbdf3ef06b3fcc04a34b3c9062867fbedceabbed71d3f544ad9f89f417561 [none]
[debug] [2023-09-18T07:01:54.581Z] >>> [apiv2][body] POST https://upload-firebasehosting.googleapis.com/upload/sites/sfdb-front-98c09/versions/6eb124d257fc6c7d/files/551dbdf3ef06b3fcc04a34b3c9062867fbedceabbed71d3f544ad9f89f417561 [stream]
[debug] [2023-09-18T07:01:54.584Z] [hosting][populate queue][FINAL] {"max":4891,"min":4891,"avg":4891,"active":0,"complete":1,"success":1,"errored":0,"retried":0,"total":1,"elapsed":4906}
[debug] [2023-09-18T07:01:54.584Z] [hosting] uploads queued: 4
[debug] [2023-09-18T07:01:58.615Z] <<< [apiv2][status] POST https://upload-firebasehosting.googleapis.com/upload/sites/sfdb-front-98c09/versions/6eb124d257fc6c7d/files/db69df07f4d03c7716f7540f7309e65ab37debffe119f70b3d8a7ee9703e7eba 200
[debug] [2023-09-18T07:01:58.616Z] <<< [apiv2][body] POST https://upload-firebasehosting.googleapis.com/upload/sites/sfdb-front-98c09/versions/6eb124d257fc6c7d/files/db69df07f4d03c7716f7540f7309e65ab37debffe119f70b3d8a7ee9703e7eba [stream]
[debug] [2023-09-18T07:01:58.618Z] <<< [apiv2][status] POST https://upload-firebasehosting.googleapis.com/upload/sites/sfdb-front-98c09/versions/6eb124d257fc6c7d/files/ff7721a61942f865e36c79fa6deeb179099885b8b665511207a83015da4cf702 200
[debug] [2023-09-18T07:01:58.619Z] <<< [apiv2][body] POST https://upload-firebasehosting.googleapis.com/upload/sites/sfdb-front-98c09/versions/6eb124d257fc6c7d/files/ff7721a61942f865e36c79fa6deeb179099885b8b665511207a83015da4cf702 [stream]
[debug] [2023-09-18T07:02:00.548Z] <<< [apiv2][status] POST https://upload-firebasehosting.googleapis.com/upload/sites/sfdb-front-98c09/versions/6eb124d257fc6c7d/files/551dbdf3ef06b3fcc04a34b3c9062867fbedceabbed71d3f544ad9f89f417561 200
[debug] [2023-09-18T07:02:00.549Z] <<< [apiv2][body] POST https://upload-firebasehosting.googleapis.com/upload/sites/sfdb-front-98c09/versions/6eb124d257fc6c7d/files/551dbdf3ef06b3fcc04a34b3c9062867fbedceabbed71d3f544ad9f89f417561 [stream]
[debug] [2023-09-18T07:02:05.068Z] <<< [apiv2][status] POST https://upload-firebasehosting.googleapis.com/upload/sites/sfdb-front-98c09/versions/6eb124d257fc6c7d/files/63b7380695e874053d169cbd426bfa0145a57251f25d5705fac4c17666a2879d 200
[debug] [2023-09-18T07:02:05.069Z] <<< [apiv2][body] POST https://upload-firebasehosting.googleapis.com/upload/sites/sfdb-front-98c09/versions/6eb124d257fc6c7d/files/63b7380695e874053d169cbd426bfa0145a57251f25d5705fac4c17666a2879d [stream]
[debug] [2023-09-18T07:02:05.070Z] [hosting][upload queue][FINAL] {"max":10500,"min":4049,"avg":6145,"active":0,"complete":4,"success":4,"errored":0,"retried":0,"total":4,"elapsed":10503}
[info] +  hosting[sfdb-front-98c09]: file upload complete 
[debug] [2023-09-18T07:02:05.074Z] [hosting] deploy completed after 21850ms
[debug] [2023-09-18T07:02:05.075Z] [
  {
    "config": {
      "public": "build",
      "ignore": [
        "firebase.json",
        "**/.*",
        "**/node_modules/**"
      ],
      "rewrites": [
        {
          "source": "**",
          "destination": "/index.html"
        }
      ],
      "site": "sfdb-front-98c09"
    },
    "version": "projects/375733538610/sites/sfdb-front-98c09/versions/6eb124d257fc6c7d"
  }
]
[info] i  hosting[sfdb-front-98c09]: finalizing version... 
[debug] [2023-09-18T07:02:05.084Z] >>> [apiv2][query] PATCH https://firebasehosting.googleapis.com/v1beta1/projects/-/sites/sfdb-front-98c09/versions/6eb124d257fc6c7d updateMask=status%2Cconfig
[debug] [2023-09-18T07:02:05.084Z] >>> [apiv2][body] PATCH https://firebasehosting.googleapis.com/v1beta1/projects/-/sites/sfdb-front-98c09/versions/6eb124d257fc6c7d {"status":"FINALIZED","config":{"rewrites":[{"glob":"**","path":"/index.html"}]}}
[debug] [2023-09-18T07:02:07.759Z] <<< [apiv2][status] PATCH https://firebasehosting.googleapis.com/v1beta1/projects/-/sites/sfdb-front-98c09/versions/6eb124d257fc6c7d 200
[debug] [2023-09-18T07:02:07.759Z] <<< [apiv2][body] PATCH https://firebasehosting.googleapis.com/v1beta1/projects/-/sites/sfdb-front-98c09/versions/6eb124d257fc6c7d {"name":"projects/375733538610/sites/sfdb-front-98c09/versions/6eb124d257fc6c7d","status":"FINALIZED","config":{"rewrites":[{"glob":"**","path":"/index.html"}]},"labels":{"deployment-tool":"cli-firebase"},"createTime":"2023-09-18T07:01:05.958834Z","createUser":{"email":"caraxxx13@gmail.com"},"finalizeTime":"2023-09-18T07:01:30.070818Z","finalizeUser":{"email":"caraxxx13@gmail.com"}}
[debug] [2023-09-18T07:02:07.759Z] [hosting] finalized version for sfdb-front-98c09:[object Object]
[info] +  hosting[sfdb-front-98c09]: version finalized 
[info] i  hosting[sfdb-front-98c09]: releasing new version... 
[debug] [2023-09-18T07:02:07.765Z] >>> [apiv2][query] POST https://firebasehosting.googleapis.com/v1beta1/projects/-/sites/sfdb-front-98c09/channels/live/releases versionName=projects%2F375733538610%2Fsites%2Fsfdb-front-98c09%2Fversions%2F6eb124d257fc6c7d
[debug] [2023-09-18T07:02:07.765Z] >>> [apiv2][body] POST https://firebasehosting.googleapis.com/v1beta1/projects/-/sites/sfdb-front-98c09/channels/live/releases {}
[debug] [2023-09-18T07:02:11.913Z] <<< [apiv2][status] POST https://firebasehosting.googleapis.com/v1beta1/projects/-/sites/sfdb-front-98c09/channels/live/releases 200
[debug] [2023-09-18T07:02:11.913Z] <<< [apiv2][body] POST https://firebasehosting.googleapis.com/v1beta1/projects/-/sites/sfdb-front-98c09/channels/live/releases {"name":"projects/375733538610/sites/sfdb-front-98c09/channels/live/releases/1695020493366000","version":{"name":"projects/375733538610/sites/sfdb-front-98c09/versions/6eb124d257fc6c7d","status":"FINALIZED","config":{"rewrites":[{"glob":"**","path":"/index.html"}]},"labels":{"deployment-tool":"cli-firebase"},"createTime":"2023-09-18T07:01:05.958834Z","createUser":{"email":"caraxxx13@gmail.com","imageUrl":"https://lh3.googleusercontent.com/a/ACg8ocLVggnSGr9dORBTNhQy6pAbmz9d1lSvpX8cEKogTzuz=mo"},"finalizeTime":"2023-09-18T07:01:30.070818Z","finalizeUser":{"email":"caraxxx13@gmail.com","imageUrl":"https://lh3.googleusercontent.com/a/ACg8ocLVggnSGr9dORBTNhQy6pAbmz9d1lSvpX8cEKogTzuz=mo"}},"type":"DEPLOY","releaseTime":"2023-09-18T07:01:33.366Z","releaseUser":{"email":"caraxxx13@gmail.com","imageUrl":"https://lh3.googleusercontent.com/a/ACg8ocLVggnSGr9dORBTNhQy6pAbmz9d1lSvpX8cEKogTzuz=mo"}}
[debug] [2023-09-18T07:02:11.914Z] [hosting] release: {"name":"projects/375733538610/sites/sfdb-front-98c09/channels/live/releases/1695020493366000","version":{"name":"projects/375733538610/sites/sfdb-front-98c09/versions/6eb124d257fc6c7d","status":"FINALIZED","config":{"rewrites":[{"glob":"**","path":"/index.html"}]},"labels":{"deployment-tool":"cli-firebase"},"createTime":"2023-09-18T07:01:05.958834Z","createUser":{"email":"caraxxx13@gmail.com","imageUrl":"https://lh3.googleusercontent.com/a/ACg8ocLVggnSGr9dORBTNhQy6pAbmz9d1lSvpX8cEKogTzuz=mo"},"finalizeTime":"2023-09-18T07:01:30.070818Z","finalizeUser":{"email":"caraxxx13@gmail.com","imageUrl":"https://lh3.googleusercontent.com/a/ACg8ocLVggnSGr9dORBTNhQy6pAbmz9d1lSvpX8cEKogTzuz=mo"}},"type":"DEPLOY","releaseTime":"2023-09-18T07:01:33.366Z","releaseUser":{"email":"caraxxx13@gmail.com","imageUrl":"https://lh3.googleusercontent.com/a/ACg8ocLVggnSGr9dORBTNhQy6pAbmz9d1lSvpX8cEKogTzuz=mo"}}
[info] +  hosting[sfdb-front-98c09]: release complete 
[info] 
[info] +  Deploy complete! 
[info] 
[info] Project Console: https://console.firebase.google.com/project/sfdb-front-98c09/overview
[info] Hosting URL: https://sfdb-front-98c09.web.app
[debug] [2023-09-18T07:02:23.892Z] Error: Timed out.
    at Timeout._onTimeout (C:\Users\carax\AppData\Roaming\npm\node_modules\firebase-tools\lib\utils.js:254:49)
    at listOnTimeout (node:internal/timers:564:17)
    at process.processTimers (node:internal/timers:507:7)
[error] 
[error] Error: An unexpected error has occurred.
